#
# A fatal error has been detected by the Java Runtime Environment:
#
#  EXCEPTION_ACCESS_VIOLATION (0xc0000005) at pc=0x6d993e52, pid=397292, tid=396104
#
# JRE version: 6.0_24-b07
# Java VM: Java HotSpot(TM) Client VM (19.1-b02 mixed mode windows-x86 )
# Problematic frame:
# V  [jvm.dll+0xf3e52]
#
# If you would like to submit a bug report, please visit:
#   http://java.sun.com/webapps/bugreport/crash.jsp
#

---------------  T H R E A D  ---------------

Current thread (0x0251c400):  JavaThread "JDWP Transport Listener: dt_socket" daemon [_thread_in_vm, id=396104, stack(0x189b0000,0x18a00000)]

siginfo: ExceptionCode=0xc0000005, reading address 0x00000004

Registers:
EAX=0x00000000, EBX=0x6d43e124, ECX=0x00000000, EDX=0x00000000
ESP=0x189ffc44, EBP=0x189ffc48, ESI=0x00000010, EDI=0x6d43e10c
EIP=0x6d993e52, EFLAGS=0x00010283

Register to memory mapping:

EAX=0x00000000
0x00000000 is pointing to unknown location

EBX=0x6d43e124
0x6d43e124 is pointing to unknown location

ECX=0x00000000
0x00000000 is pointing to unknown location

EDX=0x00000000
0x00000000 is pointing to unknown location

ESP=0x189ffc44
0x189ffc44 is pointing into the stack for thread: 0x0251c400
"JDWP Transport Listener: dt_socket" daemon prio=6 tid=0x0251c400 nid=0x60b48 runnable [0x00000000]
   java.lang.Thread.State: RUNNABLE

EBP=0x189ffc48
0x189ffc48 is pointing into the stack for thread: 0x0251c400
"JDWP Transport Listener: dt_socket" daemon prio=6 tid=0x0251c400 nid=0x60b48 runnable [0x00000000]
   java.lang.Thread.State: RUNNABLE

ESI=0x00000010
0x00000010 is pointing to unknown location

EDI=0x6d43e10c
0x6d43e10c is pointing to unknown location


Top of Stack: (sp=0x189ffc44)
0x189ffc44:   0251b850 189ffc80 6d9a22b7 046eea28
0x189ffc54:   6d43e10c 0251c518 6d43e124 00000004
0x189ffc64:   024df6d8 024df6e0 024dfacc 0251c400
0x189ffc74:   00000000 0251c518 189ffe54 6d43e94c
0x189ffc84:   6d4262bd 0251c400 02533800 00000000
0x189ffc94:   189ffcb8 189ffe54 6d442b0a 189ffe54
0x189ffca4:   02533800 189ffe24 6d42ba30 189ffe24
0x189ffcb4:   189ffcc4 6d43e840 6d2b4014 6d442be0 

Instructions: (pc=0x6d993e52)
0x6d993e42:   8b 0c 01 8b 14 02 56 8b 35 00 cc b0 6d 8b 04 06
0x6d993e52:   8b 71 04 8b 76 0c 81 e6 00 ff 00 00 81 fe 00 05 


Stack: [0x189b0000,0x18a00000],  sp=0x189ffc44,  free space=319k
Native frames: (J=compiled Java code, j=interpreted, Vv=VM code, C=native code)
V  [jvm.dll+0xf3e52]
V  [jvm.dll+0x1022b7]


---------------  P R O C E S S  ---------------

Java Threads: ( => current thread )
  0x19079000 JavaThread "ReaderThread" [_thread_in_native, id=396932, stack(0x19190000,0x191e0000)]
  0x02531c00 JavaThread "Low Memory Detector" daemon [_thread_blocked, id=400060, stack(0x18e70000,0x18ec0000)]
  0x0252ec00 JavaThread "CompilerThread0" daemon [_thread_blocked, id=396680, stack(0x18ca0000,0x18cf0000)]
  0x02520400 JavaThread "JDWP Command Reader" daemon [_thread_in_native, id=397732, stack(0x18b70000,0x18bc0000)]
  0x0251fc00 JavaThread "JDWP Event Helper Thread" daemon [_thread_blocked, id=398644, stack(0x18a80000,0x18ad0000)]
=>0x0251c400 JavaThread "JDWP Transport Listener: dt_socket" daemon [_thread_in_vm, id=396104, stack(0x189b0000,0x18a00000)]
  0x02512800 JavaThread "Attach Listener" daemon [_thread_blocked, id=399072, stack(0x18850000,0x188a0000)]
  0x02510000 JavaThread "Signal Dispatcher" daemon [_thread_blocked, id=393240, stack(0x187c0000,0x18810000)]
  0x024da800 JavaThread "Finalizer" daemon [_thread_blocked, id=399288, stack(0x18730000,0x18780000)]
  0x024d9000 JavaThread "Reference Handler" daemon [_thread_blocked, id=396324, stack(0x186a0000,0x186f0000)]
  0x0260a400 JavaThread "main" [_thread_blocked, id=400152, stack(0x00200000,0x00250000)]

Other Threads:
  0x024d5000 VMThread [stack: 0x18610000,0x18660000] [id=398892]
  0x0253e000 WatcherThread [stack: 0x18f00000,0x18f50000] [id=399432]

VM state:not at safepoint (normal execution)

VM Mutex/Monitor currently owned by a thread: None

Heap
 def new generation   total 4928K, used 1251K [0x04610000, 0x04b60000, 0x09b60000)
  eden space 4416K,  20% used [0x04610000, 0x046f1178, 0x04a60000)
  from space 512K,  68% used [0x04ae0000, 0x04b37b08, 0x04b60000)
  to   space 512K,   0% used [0x04a60000, 0x04a60000, 0x04ae0000)
 tenured generation   total 10944K, used 0K [0x09b60000, 0x0a610000, 0x14610000)
   the space 10944K,   0% used [0x09b60000, 0x09b60000, 0x09b60200, 0x0a610000)
 compacting perm gen  total 12288K, used 3843K [0x14610000, 0x15210000, 0x18610000)
   the space 12288K,  31% used [0x14610000, 0x149d0db0, 0x149d0e00, 0x15210000)
No shared spaces configured.

Dynamic libraries:
0x00400000 - 0x00424000 	C:\Program Files (x86)\Java\jdk1.6.0_24\jre\bin\javaw.exe
0x77c80000 - 0x77e00000 	C:\Windows\SysWOW64\ntdll.dll
0x756b0000 - 0x757c0000 	C:\Windows\syswow64\kernel32.dll
0x76580000 - 0x765c7000 	C:\Windows\syswow64\KERNELBASE.dll
0x761e0000 - 0x76280000 	C:\Windows\syswow64\ADVAPI32.dll
0x77220000 - 0x772cc000 	C:\Windows\syswow64\msvcrt.dll
0x76280000 - 0x76299000 	C:\Windows\SysWOW64\sechost.dll
0x772d0000 - 0x773c0000 	C:\Windows\syswow64\RPCRT4.dll
0x75360000 - 0x753c0000 	C:\Windows\syswow64\SspiCli.dll
0x75350000 - 0x7535c000 	C:\Windows\syswow64\CRYPTBASE.dll
0x755b0000 - 0x756b0000 	C:\Windows\syswow64\USER32.dll
0x76490000 - 0x76520000 	C:\Windows\syswow64\GDI32.dll
0x76060000 - 0x7606a000 	C:\Windows\syswow64\LPK.dll
0x76070000 - 0x7610d000 	C:\Windows\syswow64\USP10.dll
0x76520000 - 0x76580000 	C:\Windows\system32\IMM32.DLL
0x763c0000 - 0x7648c000 	C:\Windows\syswow64\MSCTF.dll
0x7c340000 - 0x7c396000 	C:\Program Files (x86)\Java\jdk1.6.0_24\jre\bin\msvcr71.dll
0x6d8a0000 - 0x6db46000 	C:\Program Files (x86)\Java\jdk1.6.0_24\jre\bin\client\jvm.dll
0x74f80000 - 0x74fb2000 	C:\Windows\system32\WINMM.dll
0x73de0000 - 0x73e2c000 	C:\Windows\system32\apphelp.dll
0x6d850000 - 0x6d85c000 	C:\Program Files (x86)\Java\jdk1.6.0_24\jre\bin\verify.dll
0x6d3d0000 - 0x6d3ef000 	C:\Program Files (x86)\Java\jdk1.6.0_24\jre\bin\java.dll
0x6d330000 - 0x6d338000 	C:\Program Files (x86)\Java\jdk1.6.0_24\jre\bin\hpi.dll
0x76110000 - 0x76115000 	C:\Windows\syswow64\PSAPI.DLL
0x6d420000 - 0x6d449000 	C:\Program Files (x86)\Java\jdk1.6.0_24\jre\bin\jdwp.dll
0x6d740000 - 0x6d746000 	C:\Program Files (x86)\Java\jdk1.6.0_24\jre\bin\npt.dll
0x6d890000 - 0x6d89f000 	C:\Program Files (x86)\Java\jdk1.6.0_24\jre\bin\zip.dll
0x6d2b0000 - 0x6d2b7000 	C:\Program Files (x86)\Java\jdk1.6.0_24\jre\bin\dt_socket.dll
0x76120000 - 0x76155000 	C:\Windows\syswow64\WS2_32.dll
0x753c0000 - 0x753c6000 	C:\Windows\syswow64\NSI.dll
0x732a0000 - 0x732b0000 	C:\Windows\system32\NLAapi.dll
0x73290000 - 0x732a0000 	C:\Windows\system32\napinsp.dll
0x73250000 - 0x73262000 	C:\Windows\system32\pnrpnsp.dll
0x74c20000 - 0x74c5c000 	C:\Windows\System32\mswsock.dll
0x740f0000 - 0x74134000 	C:\Windows\system32\DNSAPI.dll
0x73240000 - 0x73248000 	C:\Windows\System32\winrnr.dll
0x731e0000 - 0x73201000 	C:\Program Files (x86)\Bonjour\mdnsNSP.dll
0x748c0000 - 0x748dc000 	C:\Windows\system32\Iphlpapi.DLL
0x748b0000 - 0x748b7000 	C:\Windows\system32\WINNSI.DLL
0x732b0000 - 0x732bd000 	C:\Windows\system32\dhcpcsvc6.DLL
0x745f0000 - 0x74602000 	C:\Windows\system32\dhcpcsvc.DLL
0x73100000 - 0x73138000 	C:\Windows\System32\fwpuclnt.dll
0x730f0000 - 0x730f6000 	C:\Windows\system32\rasadhlp.dll
0x74c10000 - 0x74c15000 	C:\Windows\System32\wshtcpip.dll
0x6d6b0000 - 0x6d6c3000 	C:\Program Files (x86)\Java\jdk1.6.0_24\jre\bin\net.dll
0x73230000 - 0x73236000 	C:\Windows\System32\wship6.dll

VM Arguments:
jvm_args: -agentlib:jdwp=transport=dt_socket,suspend=y,address=localhost:63450 -Dfile.encoding=Cp1252 
java_command: org.eclipse.jdt.internal.junit.runner.RemoteTestRunner -version 3 -port 63449 -testLoaderClass org.eclipse.jdt.internal.junit4.runner.JUnit4TestLoader -loaderpluginname org.eclipse.jdt.junit4.runtime -classNames fr.zoumanatraore.csv.core.test.CSVParserTestCase
Launcher Type: SUN_STANDARD

Environment Variables:
JAVA_HOME=C:\Program Files (x86)\Java\jdk1.6.0_24
PATH=C:\Program Files (x86)\Java\jdk1.6.0_24\jre\bin;C:/Program Files (x86)/Java/jre6/bin/client;C:/Program Files (x86)/Java/jre6/bin;C:/Program Files (x86)/Java/jre6/lib/i386;C:\Windows\system32;C:\Windows;C:\Windows\System32\Wbem;C:\Windows\System32\WindowsPowerShell\v1.0\;C:\Program Files\SlikSvn\bin;C:\Program Files (x86)\Java\jdk1.6.0_24\bin;C:\Program Files\TortoiseSVN\bin;C:\android\android-sdk-windows\platform-tools;C:\Program Files (x86)\Git\cmd;T:\MAVEN\apache-maven-3.0.5\bin;H:\springsource\sts-3.3.0.RELEASE;
USERNAME=lbrt7656
OS=Windows_NT
PROCESSOR_IDENTIFIER=Intel64 Family 6 Model 42 Stepping 7, GenuineIntel



---------------  S Y S T E M  ---------------

OS: Windows 7 Build 7601 Service Pack 1

CPU:total 4 (4 cores per cpu, 1 threads per core) family 6 model 42 stepping 7, cmov, cx8, fxsr, mmx, sse, sse2, sse3, ssse3, sse4.1, sse4.2, popcnt

Memory: 4k page, physical 8266812k(1329416k free), swap 16531764k(8267984k free)

vm_info: Java HotSpot(TM) Client VM (19.1-b02) for windows-x86 JRE (1.6.0_24-b07), built on Feb  2 2011 17:44:41 by "java_re" with MS VC++ 7.1 (VS2003)

time: Mon Aug 26 17:53:00 2013
elapsed time: 5027 seconds

